2018-05-25 16:36:40,682 [Worker-7] INFO  c.g.t.t.d.PublishedGradleVersions - Gradle version information cache is up-to-date. Trying to read.
2018-05-25 16:37:30,857 [Worker-0] INFO  o.e.m.c.i.l.LifecycleMappingFactory - Using org.eclipse.m2e.jdt.JarLifecycleMapping lifecycle mapping for MavenProject: fr.exia:contract:0.0.1-SNAPSHOT @ C:\Users\Charlotte\Documents\Cesi\PROJET A1\Projet 5\Lorann\contract\pom.xml.
2018-05-25 16:37:31,146 [Worker-0] INFO  o.e.m.c.i.l.LifecycleMappingFactory - Using org.eclipse.m2e.jdt.JarLifecycleMapping lifecycle mapping for MavenProject: fr.exia:controller:0.0.1-SNAPSHOT @ C:\Users\Charlotte\Documents\Cesi\PROJET A1\Projet 5\Lorann\controller\pom.xml.
2018-05-25 16:37:31,222 [Worker-0] INFO  o.e.m.c.i.l.LifecycleMappingFactory - Using org.eclipse.m2e.jdt.JarLifecycleMapping lifecycle mapping for MavenProject: fr.exia:model:0.0.1-SNAPSHOT @ C:\Users\Charlotte\Documents\Cesi\PROJET A1\Projet 5\Lorann\model\pom.xml.
2018-05-25 16:37:31,384 [Worker-0] INFO  o.e.m.c.i.l.LifecycleMappingFactory - Using org.eclipse.m2e.jdt.JarLifecycleMapping lifecycle mapping for MavenProject: fr.exia:view:0.0.1-SNAPSHOT @ C:\Users\Charlotte\Documents\Cesi\PROJET A1\Projet 5\Lorann\view\pom.xml.
2018-05-25 16:37:31,583 [Worker-0] INFO  o.e.m.c.i.l.LifecycleMappingFactory - Using org.eclipse.m2e.jdt.JarLifecycleMapping lifecycle mapping for MavenProject: fr.exia:main:0.0.1-SNAPSHOT @ C:\Users\Charlotte\Documents\Cesi\PROJET A1\Projet 5\Lorann\main\pom.xml.
2018-05-25 16:37:31,831 [Worker-0] INFO  o.e.m.c.i.l.LifecycleMappingFactory - Using org.eclipse.m2e.jdt.JarLifecycleMapping lifecycle mapping for MavenProject: fr.exia:showboard:0.0.1-SNAPSHOT @ C:\Users\Charlotte\Documents\Cesi\PROJET A1\Projet 5\Lorann\showboard\pom.xml.
2018-05-25 16:37:36,493 [Worker-0] INFO  o.e.m.j.i.AbstractJavaProjectConfigurator - Adding source folder /showboard/src/main/java
2018-05-25 16:37:36,493 [Worker-0] INFO  o.e.m.j.i.AbstractJavaProjectConfigurator - Adding resource folder /showboard/src/main/resources
2018-05-25 16:37:36,494 [Worker-0] INFO  o.e.m.j.i.AbstractJavaProjectConfigurator - Adding source folder /showboard/src/test/java
2018-05-25 16:37:36,495 [Worker-0] INFO  o.e.m.j.i.AbstractJavaProjectConfigurator - Adding resource folder /showboard/src/test/resources
2018-05-25 16:37:36,737 [Worker-0] INFO  o.e.m.j.i.AbstractJavaProjectConfigurator - Adding source folder /contract/src/main/java
2018-05-25 16:37:36,738 [Worker-0] INFO  o.e.m.j.i.AbstractJavaProjectConfigurator - Adding resource folder /contract/src/main/resources
2018-05-25 16:37:36,739 [Worker-0] INFO  o.e.m.j.i.AbstractJavaProjectConfigurator - Adding source folder /contract/src/test/java
2018-05-25 16:37:36,739 [Worker-0] INFO  o.e.m.j.i.AbstractJavaProjectConfigurator - Adding resource folder /contract/src/test/resources
2018-05-25 16:37:36,886 [Worker-0] INFO  o.e.m.j.i.AbstractJavaProjectConfigurator - Adding source folder /controller/src/main/java
2018-05-25 16:37:36,891 [Worker-0] INFO  o.e.m.j.i.AbstractJavaProjectConfigurator - Adding resource folder /controller/src/main/resources
2018-05-25 16:37:36,892 [Worker-0] INFO  o.e.m.j.i.AbstractJavaProjectConfigurator - Adding source folder /controller/src/test/java
2018-05-25 16:37:36,892 [Worker-0] INFO  o.e.m.j.i.AbstractJavaProjectConfigurator - Adding resource folder /controller/src/test/resources
2018-05-25 16:37:36,970 [Worker-0] INFO  o.e.m.j.i.AbstractJavaProjectConfigurator - Adding source folder /view/src/main/java
2018-05-25 16:37:36,977 [Worker-0] INFO  o.e.m.j.i.AbstractJavaProjectConfigurator - Adding resource folder /view/src/main/resources
2018-05-25 16:37:36,977 [Worker-0] INFO  o.e.m.j.i.AbstractJavaProjectConfigurator - Adding source folder /view/src/test/java
2018-05-25 16:37:36,978 [Worker-0] INFO  o.e.m.j.i.AbstractJavaProjectConfigurator - Adding resource folder /view/src/test/resources
2018-05-25 16:37:37,058 [Worker-0] INFO  o.e.m.j.i.AbstractJavaProjectConfigurator - Adding source folder /model/src/main/java
2018-05-25 16:37:37,066 [Worker-0] INFO  o.e.m.j.i.AbstractJavaProjectConfigurator - Adding resource folder /model/src/main/resources
2018-05-25 16:37:37,067 [Worker-0] INFO  o.e.m.j.i.AbstractJavaProjectConfigurator - Adding source folder /model/src/test/java
2018-05-25 16:37:37,067 [Worker-0] INFO  o.e.m.j.i.AbstractJavaProjectConfigurator - Adding resource folder /model/src/test/resources
2018-05-25 16:37:37,169 [Worker-0] INFO  o.e.m.j.i.AbstractJavaProjectConfigurator - Adding source folder /main/src/main/java
2018-05-25 16:37:37,169 [Worker-0] INFO  o.e.m.j.i.AbstractJavaProjectConfigurator - Adding resource folder /main/src/main/resources
2018-05-25 16:37:37,170 [Worker-0] INFO  o.e.m.j.i.AbstractJavaProjectConfigurator - Adding source folder /main/src/test/java
2018-05-25 16:37:37,170 [Worker-0] INFO  o.e.m.j.i.AbstractJavaProjectConfigurator - Adding resource folder /main/src/test/resources
2018-05-25 16:37:37,263 [Worker-0] INFO  o.e.m.c.i.p.ProjectConfigurationManager - Imported and configured 6 project(s) in 14 sec
2018-05-25 16:37:39,164 [Worker-7] WARN  o.e.m.c.i.embedder.EclipseLogger - Using platform encoding (Cp1252 actually) to copy filtered resources, i.e. build is platform dependent!
2018-05-25 16:37:39,189 [Worker-7] INFO  o.e.m.c.i.embedder.EclipseLogger - Copying 0 resource
2018-05-25 16:37:39,196 [Worker-7] WARN  o.e.m.c.i.embedder.EclipseLogger - Using platform encoding (Cp1252 actually) to copy filtered resources, i.e. build is platform dependent!
2018-05-25 16:37:39,205 [Worker-7] INFO  o.e.m.c.i.embedder.EclipseLogger - Copying 0 resource
2018-05-25 16:37:39,433 [Worker-7] WARN  o.e.m.c.i.embedder.EclipseLogger - Using platform encoding (Cp1252 actually) to copy filtered resources, i.e. build is platform dependent!
2018-05-25 16:37:39,441 [Worker-7] INFO  o.e.m.c.i.embedder.EclipseLogger - Copying 0 resource
2018-05-25 16:37:39,442 [Worker-7] WARN  o.e.m.c.i.embedder.EclipseLogger - Using platform encoding (Cp1252 actually) to copy filtered resources, i.e. build is platform dependent!
2018-05-25 16:37:39,549 [Worker-7] INFO  o.e.m.c.i.embedder.EclipseLogger - Copying 0 resource
2018-05-25 16:37:39,702 [Worker-7] WARN  o.e.m.c.i.embedder.EclipseLogger - Using platform encoding (Cp1252 actually) to copy filtered resources, i.e. build is platform dependent!
2018-05-25 16:37:39,724 [Worker-7] INFO  o.e.m.c.i.embedder.EclipseLogger - Copying 0 resource
2018-05-25 16:37:39,726 [Worker-7] WARN  o.e.m.c.i.embedder.EclipseLogger - Using platform encoding (Cp1252 actually) to copy filtered resources, i.e. build is platform dependent!
2018-05-25 16:37:39,733 [Worker-7] INFO  o.e.m.c.i.embedder.EclipseLogger - Copying 0 resource
2018-05-25 16:37:39,815 [Worker-7] WARN  o.e.m.c.i.embedder.EclipseLogger - Using platform encoding (Cp1252 actually) to copy filtered resources, i.e. build is platform dependent!
2018-05-25 16:37:39,823 [Worker-7] INFO  o.e.m.c.i.embedder.EclipseLogger - Copying 0 resource
2018-05-25 16:37:39,826 [Worker-7] WARN  o.e.m.c.i.embedder.EclipseLogger - Using platform encoding (Cp1252 actually) to copy filtered resources, i.e. build is platform dependent!
2018-05-25 16:37:39,847 [Worker-7] INFO  o.e.m.c.i.embedder.EclipseLogger - Copying 0 resource
2018-05-25 16:37:39,931 [Worker-7] WARN  o.e.m.c.i.embedder.EclipseLogger - Using platform encoding (Cp1252 actually) to copy filtered resources, i.e. build is platform dependent!
2018-05-25 16:37:39,936 [Worker-7] INFO  o.e.m.c.i.embedder.EclipseLogger - Copying 0 resource
2018-05-25 16:37:39,937 [Worker-7] WARN  o.e.m.c.i.embedder.EclipseLogger - Using platform encoding (Cp1252 actually) to copy filtered resources, i.e. build is platform dependent!
2018-05-25 16:37:39,943 [Worker-7] INFO  o.e.m.c.i.embedder.EclipseLogger - Copying 0 resource
2018-05-25 16:37:40,016 [Worker-7] WARN  o.e.m.c.i.embedder.EclipseLogger - Using platform encoding (Cp1252 actually) to copy filtered resources, i.e. build is platform dependent!
2018-05-25 16:37:40,024 [Worker-7] INFO  o.e.m.c.i.embedder.EclipseLogger - Copying 0 resource
2018-05-25 16:37:40,025 [Worker-7] WARN  o.e.m.c.i.embedder.EclipseLogger - Using platform encoding (Cp1252 actually) to copy filtered resources, i.e. build is platform dependent!
2018-05-25 16:37:40,032 [Worker-7] INFO  o.e.m.c.i.embedder.EclipseLogger - Copying 0 resource
2018-05-25 16:37:58,747 [main] INFO  o.e.m2e.actions.ExecutePomAction - Creating new launch configuration
2018-05-25 16:38:08,155 [Worker-12] INFO  o.e.m.i.launch.MavenLaunchDelegate - C:\Users\Charlotte\Documents\Cesi\PROJET A1\Projet 5\Lorann\contract
2018-05-25 16:38:08,156 [Worker-12] INFO  o.e.m.i.launch.MavenLaunchDelegate -  mvn -B compile
